{
  "RSpec": {
    "coverage": {
      "/Users/admin/Projects/Bank_tech_test/spec/bank_spec.rb": {
        "lines": [
          1,
          1,
          null,
          1,
          4,
          null,
          1,
          1,
          null,
          null,
          1,
          1,
          1,
          1,
          null,
          null,
          2,
          1,
          1,
          1,
          1,
          1,
          null,
          null,
          null,
          null
        ]
      },
      "/Users/admin/Projects/Bank_tech_test/lib/bank.rb": {
        "lines": [
          1,
          null,
          1,
          null,
          1,
          3,
          null,
          null,
          1,
          4,
          null,
          null,
          null
        ]
      },
      "/Users/admin/Projects/Bank_tech_test/lib/account.rb": {
        "lines": [
          1,
          null,
          null
        ]
      }
    },
    "timestamp": 1648401504
  }
}
